[backblue.gif]
[fade.gif]
[index.html]
[www.primeelectrical.net/config.xml]
[www.primeelectrical.net/cu3er.swf]
[www.primeelectrical.net/images/click.gif]
[www.adobe.com/images/shared/download_buttons/get_flash_player.gif]
[www.primeelectrical.net/images/footer_logo.gif]
[www.primeelectrical.net/index.html]
[www.primeelectrical.net/images/header_bg.gif]
[www.primeelectrical.net/images/logo.gif]
[www.primeelectrical.net/images/bg_menu.gif]
[www.primeelectrical.net/images/search_bg.gif]
[www.primeelectrical.net/images/header_text_bg.gif]
[www.primeelectrical.net/images/header_text_bg2.gif]
[www.primeelectrical.net/images/banner_bg.png]
[www.primeelectrical.net/images/ul_li.gif]
[www.primeelectrical.net/images/footer_bg.gif]
[www.primeelectrical.net/style.css]
[www.primeelectrical.net/js/swfobject/swfobject.js]
[www.primeelectrical.net/font.html]
[www.primeelectrical.net/expressInstall.html]
[ajax.googleapis.com/ajax/libs/jquery/1.3.2/jquery.min.js]
[www.primeelectrical.net/images/pic_20.jpg]
[www.primeelectrical.net/images/pic_21.jpg]
[www.primeelectrical.net/images/pic_22.jpg]
[www.primeelectrical.net/images/pic_23.jpg]
[www.primeelectrical.net/images/pic_24.jpg]
[www.primeelectrical.net/images/pic_25.jpg]
[www.primeelectrical.net/images/pic_26.jpg]
[www.primeelectrical.net/images/pic_27.jpg]
[www.primeelectrical.net/images/pic_28.jpg]
[www.primeelectrical.net/images/pic_29.jpg]
[www.primeelectrical.net/images/pic_30.jpg]
[www.primeelectrical.net/images/pic_31.jpg]
[www.primeelectrical.net/images/pic_32.jpg]
[www.primeelectrical.net/images/pic_33.jpg]
[www.primeelectrical.net/images/pic_34.jpg]
[www.primeelectrical.net/images/pic_35.jpg]
[www.primeelectrical.net/images/pic_1.jpg]
[www.primeelectrical.net/images/pic_2.jpg]
[www.primeelectrical.net/images/pic_3.jpg]
[www.primeelectrical.net/images/pic_4.jpg]
[www.primeelectrical.net/images/pic_5.jpg]
[www.primeelectrical.net/images/pic_6.jpg]
[www.primeelectrical.net/images/pic_7.jpg]
[www.primeelectrical.net/images/pic_8.jpg]
[www.primeelectrical.net/images/pic_9.jpg]
[www.primeelectrical.net/images/pic_10.jpg]
[www.primeelectrical.net/images/pic_11.jpg]
[www.primeelectrical.net/images/pic_12.jpg]
[www.primeelectrical.net/images/pic_13.jpg]
[www.primeelectrical.net/images/pic_14.jpg]
[www.primeelectrical.net/images/pic_15.jpg]
[www.primeelectrical.net/images/pic_16.jpg]
[www.primeelectrical.net/images/pic_17.jpg]
[www.primeelectrical.net/images/pic_18.jpg]
[www.primeelectrical.net/images/pic_19.jpg]
[www.primeelectrical.net/electrical.html]
[www.primeelectrical.net/service.html]
[www.primeelectrical.net/telecom.html]
[www.primeelectrical.net/employment.html]
[www.primeelectrical.net/sales.html]
[www.primeelectrical.net/contactus.html]
[www.primeelectrical.net/css/rotator.css]
[www.primeelectrical.net/index-2.html]
[www.primeelectrical.net/cjharvey@primeelectrical.html]
[www.primeelectrical.net/images/logo_topleft.jpg]
[www.primeelectrical.net/images/logo_top.jpg]
[www.primeelectrical.net/images/spacer.gif]
[www.primeelectrical.net/images/nav_design_on.gif]
[www.primeelectrical.net/images/nav_design_off.gif]
[www.primeelectrical.net/images/nav_services_on.gif]
[www.primeelectrical.net/images/nav_telecomm_on.gif]
[www.primeelectrical.net/images/nav_telecomm_off.gif]
[www.primeelectrical.net/images/nav_employment_on.gif]
[www.primeelectrical.net/images/nav_employment_off.gif]
[www.primeelectrical.net/images/nav_sales_on.gif]
[www.primeelectrical.net/images/nav_sales_off.gif]
[www.primeelectrical.net/images/nav_contactus_on.gif]
[www.primeelectrical.net/images/nav_contactus_off.gif]
[www.primeelectrical.net/images/logo_left.jpg]
[www.primeelectrical.net/images/hdr_services.jpg]
[www.primeelectrical.net/images/hm_bttm.gif]
[www.primeelectrical.net/services.html]
[www.primeelectrical.net/bg_home.jpg]
[www.primeelectrical.net/images/hm_1.jpg]
[www.primeelectrical.net/images/temp_telecom_1.jpg]
[www.primeelectrical.net/images/rotate/sub_sales_1.jpg]
[www.primeelectrical.net/images/service_1.jpg]
[www.primeelectrical.net/images/temp_elect_2.jpg]
[www.primeelectrical.net/styles.css]
[www.primeelectrical.net/general.js]
[www.primeelectrical.net/images/nav_services_off.gif]
[www.primeelectrical.net/images/hdr_design.jpg]
[www.primeelectrical.net/design.html]
[www.primeelectrical.net/contact_us.html]
[www.primeelectrical.net/rotate_services.js]
[www.primeelectrical.net/images/hm_footerimg.html]
[www.primeelectrical.net/rotate_design.js]
